2018-07-23T12:02:41.739Z - normal: Load ~/.CocosCreator/settings.json
2018-07-23T12:02:41.753Z - normal: checking language setting...
2018-07-23T12:02:41.753Z - normal: Language: zh
2018-07-23T12:02:46.207Z - success: protocol editor-framework registered
2018-07-23T12:02:46.207Z - success: protocol app registered
2018-07-23T12:02:46.208Z - success: protocol theme registered
2018-07-23T12:02:46.208Z - success: protocol packages registered
2018-07-23T12:02:46.208Z - success: protocol unpack registerred
2018-07-23T12:02:46.208Z - success: protocol disable-commonjs registerred
2018-07-23T12:02:46.350Z - normal: connected!
2018-07-23T12:02:46.358Z - normal: Check project C:\Users\asus\Desktop\cocos
2018-07-23T12:02:46.381Z - normal: Initializing Cocos2d
2018-07-23T12:02:47.257Z - normal: Initializing Asset Database
2018-07-23T12:02:47.400Z - success: protocol uuid registerred
2018-07-23T12:02:47.401Z - success: protocol db registerred
2018-07-23T12:02:47.401Z - success: protocol thumbnail registerred
2018-07-23T12:02:47.401Z - normal: Loading editor/builtin packages
2018-07-23T12:02:47.475Z - success: anysdk loaded
2018-07-23T12:02:47.938Z - success: assets loaded
2018-07-23T12:02:47.944Z - success: builder loaded
2018-07-23T12:02:47.952Z - success: cocos-analytics loaded
2018-07-23T12:02:47.963Z - success: console loaded
2018-07-23T12:02:48.078Z - success: fb-instant-games loaded
2018-07-23T12:02:48.090Z - success: hierarchy loaded
2018-07-23T12:02:48.100Z - success: inspector loaded
2018-07-23T12:02:48.105Z - success: keystore loaded
2018-07-23T12:02:48.114Z - success: node-library loaded
2018-07-23T12:02:48.119Z - success: package-asset loaded
2018-07-23T12:02:48.127Z - success: preferences loaded
2018-07-23T12:02:48.133Z - success: project-exporter loaded
2018-07-23T12:02:48.205Z - success: project-importer loaded
2018-07-23T12:02:48.211Z - success: project-settings loaded
2018-07-23T12:02:48.222Z - success: ui-kit loaded
2018-07-23T12:02:48.231Z - success: ui-grid loaded
2018-07-23T12:02:48.241Z - success: scene loaded
2018-07-23T12:02:48.245Z - success: sprite-editor loaded
2018-07-23T12:02:48.257Z - success: store loaded
2018-07-23T12:02:48.272Z - success: timeline loaded
2018-07-23T12:02:48.272Z - normal: Loading builtin packages
2018-07-23T12:02:48.290Z - success: asset-db-debugger loaded
2018-07-23T12:02:48.297Z - success: code-editor loaded
2018-07-23T12:02:48.299Z - success: color-picker loaded
2018-07-23T12:02:48.310Z - success: package-manager loaded
2018-07-23T12:02:48.321Z - success: qqplay-adapter loaded
2018-07-23T12:02:48.339Z - success: sdkbox loaded
2018-07-23T12:02:48.354Z - success: tester loaded
2018-07-23T12:02:48.360Z - success: ui-kit-preview-extra loaded
2018-07-23T12:02:48.366Z - success: ui-kit-preview loaded
2018-07-23T12:02:48.373Z - success: ui-tree loaded
2018-07-23T12:02:48.375Z - success: weapp-adapter loaded
2018-07-23T12:02:52.718Z - normal: Initializing project C:\Users\asus\Desktop\cocos
2018-07-23T12:02:52.730Z - normal: Loading packages
2018-07-23T12:02:52.747Z - normal: Watching packages
2018-07-23T12:02:54.883Z - normal: Run Application
2018-07-23T12:02:56.857Z - success: preview server running at http://localhost:7456
2018-07-23T12:03:10.376Z - error: Failed to remove menu in path: 开发者/UI Preview/ui-tree (could not be found)
    at Menu.remove (C:\CocosCreator\resources\app.asar\editor-framework\lib\main\menu.js:1:6080)
    at Object.MainMenu.remove (C:\CocosCreator\resources\app.asar\editor-framework\lib\main\main-menu.js:1:4485)
    at Async.series.a (C:\CocosCreator\resources\app.asar\editor-framework\lib\main\package.js:1:5122)
    at C:\CocosCreator\resources\app.asar\node_modules\async\lib\async.js:718:13
    at Immediate.iterate (C:\CocosCreator\resources\app.asar\node_modules\async\lib\async.js:262:13)
    at runCallback (timers.js:672:20)
    at tryOnImmediate (timers.js:645:5)
    at processImmediate [as _immediateCallback] (timers.js:617:5)
2018-07-23T12:03:10.377Z - success: ui-tree unloaded
2018-07-23T12:03:10.398Z - success: ui-tree loaded
2018-07-23T12:03:11.718Z - error: Failed to remove menu in path: 开发者/UI Preview/ui-grid (could not be found)
    at Menu.remove (C:\CocosCreator\resources\app.asar\editor-framework\lib\main\menu.js:1:6080)
    at Object.MainMenu.remove (C:\CocosCreator\resources\app.asar\editor-framework\lib\main\main-menu.js:1:4485)
    at Async.series.a (C:\CocosCreator\resources\app.asar\editor-framework\lib\main\package.js:1:5122)
    at C:\CocosCreator\resources\app.asar\node_modules\async\lib\async.js:718:13
    at Immediate.iterate (C:\CocosCreator\resources\app.asar\node_modules\async\lib\async.js:262:13)
    at runCallback (timers.js:672:20)
    at tryOnImmediate (timers.js:645:5)
    at processImmediate [as _immediateCallback] (timers.js:617:5)
2018-07-23T12:03:11.721Z - error: Failed to remove menu in path: 开发者/UI Preview/ui-grid-webview (could not be found)
    at Menu.remove (C:\CocosCreator\resources\app.asar\editor-framework\lib\main\menu.js:1:6080)
    at Object.MainMenu.remove (C:\CocosCreator\resources\app.asar\editor-framework\lib\main\main-menu.js:1:4485)
    at Async.series.a (C:\CocosCreator\resources\app.asar\editor-framework\lib\main\package.js:1:5122)
    at C:\CocosCreator\resources\app.asar\node_modules\async\lib\async.js:718:13
    at Immediate.iterate (C:\CocosCreator\resources\app.asar\node_modules\async\lib\async.js:262:13)
    at runCallback (timers.js:672:20)
    at tryOnImmediate (timers.js:645:5)
    at processImmediate [as _immediateCallback] (timers.js:617:5)
2018-07-23T12:03:11.722Z - success: ui-grid unloaded
2018-07-23T12:03:11.751Z - success: ui-grid loaded
2018-07-23T12:03:13.915Z - normal: 1.9.3
2018-07-23T12:20:26.582Z - error: TypeError: Cannot read property 'target' of null
    at HTMLElement._applyPopup (C:\CocosCreator\resources\app.asar\editor\builtin\inspector\panel\index.js:1:8366)
    at asset._selectType._vm._vm.target.__dirty__._selectID.Editor.assetdb.queryInfoByUuid (C:\CocosCreator\resources\app.asar\editor\builtin\inspector\panel\index.js:1:8301)
    at EventEmitter.ipcRenderer.on.n (C:\CocosCreator\resources\app.asar\editor-framework\lib\renderer\ipc.js:1:4587)
    at emitMany (events.js:127:13)
    at EventEmitter.emit (events.js:204:7)
